[2025-08-12 11:31:46] [32minfo[39m: 	[32mPrisma Info: Starting a postgresql pool with 9 connections.[39m 
[2025-08-12 11:31:46] [32minfo[39m: 	[32mServer running on port 5000[39m 
[2025-08-12 11:31:46] [32minfo[39m: 	[32mPrisma Info: Starting a postgresql pool with 9 connections.[39m 
[2025-08-12 11:31:46] [32minfo[39m: 	[32mPrisma Info: Starting a postgresql pool with 9 connections.[39m 
[2025-08-12 11:34:41] [32minfo[39m: 	[32mPrisma Info: Starting a postgresql pool with 9 connections.[39m 
[2025-08-12 11:34:41] [32minfo[39m: 	[32mServer running on port 5000[39m 
[2025-08-12 11:37:56] [32minfo[39m: 	[32mPrisma Info: Starting a postgresql pool with 9 connections.[39m 
[2025-08-12 11:37:56] [32minfo[39m: 	[32mPrisma Info: Starting a postgresql pool with 9 connections.[39m 
[2025-08-12 11:37:56] [32minfo[39m: 	[32mServer running on port 5000[39m 
[2025-08-12 11:37:56] [32minfo[39m: 	[32mPrisma Info: Starting a postgresql pool with 9 connections.[39m 
[2025-08-12 11:37:56] [32minfo[39m: 	[32mPrisma Info: Starting a postgresql pool with 9 connections.[39m 
[2025-08-12 11:40:56] [32minfo[39m: 	[32mPrisma Info: Starting a postgresql pool with 9 connections.[39m 
[2025-08-12 11:40:56] [32minfo[39m: 	[32mServer running on port 5000[39m 
[2025-08-12 11:40:56] [32minfo[39m: 	[32mPrisma Info: Starting a postgresql pool with 9 connections.[39m 
[2025-08-12 11:40:57] [32minfo[39m: 	[32mPrisma Info: Starting a postgresql pool with 9 connections.[39m 
[2025-08-12 11:40:57] [32minfo[39m: 	[32mPrisma Info: Starting a postgresql pool with 9 connections.[39m 
[2025-08-12 11:42:06] [32minfo[39m: 	[32mPrisma Info: Starting a postgresql pool with 9 connections.[39m 
[2025-08-12 11:42:06] [32minfo[39m: 	[32mPrisma Info: Starting a postgresql pool with 9 connections.[39m 
[2025-08-12 11:42:06] [32minfo[39m: 	[32mServer running on port 5000[39m 
[2025-08-12 11:42:07] [32minfo[39m: 	[32mPrisma Info: Starting a postgresql pool with 9 connections.[39m 
[2025-08-12 11:42:07] [32minfo[39m: 	[32mPrisma Info: Starting a postgresql pool with 9 connections.[39m 
[2025-08-12 11:47:34] [32minfo[39m: 	[32mPrisma Info: Starting a postgresql pool with 9 connections.[39m 
[2025-08-12 11:47:34] [32minfo[39m: 	[32mServer running on port 5000[39m 
[2025-08-12 11:47:34] [32minfo[39m: 	[32mPrisma Info: Starting a postgresql pool with 9 connections.[39m 
[2025-08-12 11:47:34] [32minfo[39m: 	[32mPrisma Info: Starting a postgresql pool with 9 connections.[39m 
[2025-08-12 11:47:35] [32minfo[39m: 	[32mPrisma Info: Starting a postgresql pool with 9 connections.[39m 
[2025-08-12 11:51:39] [32minfo[39m: 	[32mPrisma Info: Starting a postgresql pool with 9 connections.[39m 
[2025-08-12 11:51:39] [32minfo[39m: 	[32mPrisma Info: Starting a postgresql pool with 9 connections.[39m 
[2025-08-12 11:51:39] [32minfo[39m: 	[32mServer running on port 5000[39m 
[2025-08-12 11:51:39] [32minfo[39m: 	[32mPrisma Info: Starting a postgresql pool with 9 connections.[39m 
[2025-08-12 11:51:39] [32minfo[39m: 	[32mPrisma Info: Starting a postgresql pool with 9 connections.[39m 
[2025-08-12 11:55:51] [32minfo[39m: 	[32mPrisma Info: Starting a postgresql pool with 9 connections.[39m 
[2025-08-12 11:55:51] [32minfo[39m: 	[32mServer running on port 5000[39m 
[2025-08-12 11:55:51] [32minfo[39m: 	[32mPrisma Info: Starting a postgresql pool with 9 connections.[39m 
[2025-08-12 11:55:51] [32minfo[39m: 	[32mPrisma Info: Starting a postgresql pool with 9 connections.[39m 
[2025-08-12 11:55:51] [32minfo[39m: 	[32mPrisma Info: Starting a postgresql pool with 9 connections.[39m 
[2025-08-12 11:56:36] [32minfo[39m: 	[32mPrisma Info: Starting a postgresql pool with 9 connections.[39m 
[2025-08-12 11:56:37] [32minfo[39m: 	[32mServer running on port 5000[39m 
[2025-08-12 11:56:37] [32minfo[39m: 	[32mPrisma Info: Starting a postgresql pool with 9 connections.[39m 
[2025-08-12 11:56:37] [32minfo[39m: 	[32mPrisma Info: Starting a postgresql pool with 9 connections.[39m 
[2025-08-12 11:56:37] [32minfo[39m: 	[32mPrisma Info: Starting a postgresql pool with 9 connections.[39m 
[2025-08-12 11:57:23] [32minfo[39m: 	[32mPrisma Info: Starting a postgresql pool with 9 connections.[39m 
[2025-08-12 11:57:23] [32minfo[39m: 	[32mServer running on port 5000[39m 
[2025-08-12 11:57:23] [32minfo[39m: 	[32mPrisma Info: Starting a postgresql pool with 9 connections.[39m 
[2025-08-12 11:57:23] [32minfo[39m: 	[32mPrisma Info: Starting a postgresql pool with 9 connections.[39m 
[2025-08-12 11:57:24] [32minfo[39m: 	[32mPrisma Info: Starting a postgresql pool with 9 connections.[39m 
[2025-08-12 11:57:24] [32minfo[39m: 	[32mShutting down server...[39m 
[2025-08-12 11:57:24] [32minfo[39m: 	[32mShutting down server...[39m 
[2025-08-12 11:57:24] [32minfo[39m: 	[32mWebSocket service cleaned up[39m 
[2025-08-12 11:57:24] [32minfo[39m: 	[32mWebSocket service cleaned up[39m 
[2025-08-12 11:57:24] [32minfo[39m: 	[32mServer running on port 5000[39m 
[2025-08-12 11:58:23] [32minfo[39m: 	[32mPrisma Info: Starting a postgresql pool with 9 connections.[39m 
[2025-08-12 11:58:23] [32minfo[39m: 	[32mServer running on port 5000[39m 
[2025-08-12 11:59:52] [32minfo[39m: 	[32mPrisma Info: Starting a postgresql pool with 9 connections.[39m 
[2025-08-12 11:59:52] [32minfo[39m: 	[32mServer running on port 5000[39m 
[2025-08-13 12:00:12] [32minfo[39m: 	[32mPrisma Info: Starting a postgresql pool with 9 connections.[39m 
[2025-08-13 12:00:12] [32minfo[39m: 	[32mServer running on port 5000[39m 
[2025-08-13 12:06:18] [32minfo[39m: 	[32mPrisma Info: Starting a postgresql pool with 9 connections.[39m 
[2025-08-13 12:06:18] [32minfo[39m: 	[32mServer running on port 5000[39m 
[2025-08-13 12:08:51] [32minfo[39m: 	[32mPrisma Info: Starting a postgresql pool with 9 connections.[39m 
[2025-08-13 12:08:51] [32minfo[39m: 	[32mServer running on port 5000[39m 
[2025-08-13 12:11:35] [32minfo[39m: 	[32mPrisma Info: Starting a postgresql pool with 9 connections.[39m 
[2025-08-13 12:11:35] [32minfo[39m: 	[32mServer running on port 5000[39m 
[2025-08-13 12:12:18] [32minfo[39m: 	[32mPrisma Info: Starting a postgresql pool with 9 connections.[39m 
[2025-08-13 12:12:18] [32minfo[39m: 	[32mServer running on port 5000[39m 
[2025-08-13 12:12:51] [32minfo[39m: 	[32mPrisma Info: Starting a postgresql pool with 9 connections.[39m 
[2025-08-13 12:12:51] [32minfo[39m: 	[32mServer running on port 5000[39m 
[2025-08-13 12:13:07] [32minfo[39m: 	[32mPrisma Info: Starting a postgresql pool with 9 connections.[39m 
[2025-08-13 12:13:07] [32minfo[39m: 	[32mServer running on port 5000[39m 
[2025-08-13 12:17:58] [32minfo[39m: 	[32mPrisma Info: Starting a postgresql pool with 9 connections.[39m 
[2025-08-13 12:17:58] [32minfo[39m: 	[32mServer running on port 5000[39m 
[2025-08-13 12:18:39] [32minfo[39m: 	[32mPrisma Info: Starting a postgresql pool with 9 connections.[39m 
[2025-08-13 12:18:39] [32minfo[39m: 	[32mServer running on port 5000[39m 
[2025-08-13 12:21:03] [32minfo[39m: 	[32mPrisma Info: Starting a postgresql pool with 9 connections.[39m 
[2025-08-13 12:21:03] [32minfo[39m: 	[32mServer running on port 5000[39m 
[2025-08-13 12:21:37] [32minfo[39m: 	[32mPrisma Info: Starting a postgresql pool with 9 connections.[39m 
[2025-08-13 12:21:37] [32minfo[39m: 	[32mServer running on port 5000[39m 
[2025-08-13 12:22:44] [32minfo[39m: 	[32mPrisma Info: Starting a postgresql pool with 9 connections.[39m 
[2025-08-13 12:22:44] [32minfo[39m: 	[32mServer running on port 5000[39m 
[2025-08-13 12:26:43] [32minfo[39m: 	[32mPrisma Info: Starting a postgresql pool with 9 connections.[39m 
[2025-08-13 12:26:43] [32minfo[39m: 	[32mServer running on port 5000[39m 
[2025-08-13 12:27:10] [32minfo[39m: 	[32mPrisma Info: Starting a postgresql pool with 9 connections.[39m 
[2025-08-13 12:27:10] [32minfo[39m: 	[32mServer running on port 5000[39m 
[2025-08-13 12:28:40] [32minfo[39m: 	[32mPrisma Info: Starting a postgresql pool with 9 connections.[39m 
[2025-08-13 12:28:40] [32minfo[39m: 	[32mServer running on port 5000[39m 
[2025-08-13 12:29:20] [32minfo[39m: 	[32mPrisma Info: Starting a postgresql pool with 9 connections.[39m 
[2025-08-13 12:29:20] [32minfo[39m: 	[32mServer running on port 5000[39m 
[2025-08-13 12:29:47] [32minfo[39m: 	[32mPrisma Info: Starting a postgresql pool with 9 connections.[39m 
[2025-08-13 12:29:47] [32minfo[39m: 	[32mServer running on port 5000[39m 
[2025-08-13 12:30:20] [32minfo[39m: 	[32mPrisma Info: Starting a postgresql pool with 9 connections.[39m 
[2025-08-13 12:30:20] [32minfo[39m: 	[32mServer running on port 5000[39m 
[2025-08-13 12:30:57] [32minfo[39m: 	[32mPrisma Info: Starting a postgresql pool with 9 connections.[39m 
[2025-08-13 12:30:57] [32minfo[39m: 	[32mServer running on port 5000[39m 
[2025-08-13 12:31:25] [32minfo[39m: 	[32mPrisma Info: Starting a postgresql pool with 9 connections.[39m 
[2025-08-13 12:31:25] [32minfo[39m: 	[32mServer running on port 5000[39m 
[2025-08-13 12:34:40] [32minfo[39m: 	[32mPrisma Info: Starting a postgresql pool with 9 connections.[39m 
[2025-08-13 12:34:40] [32minfo[39m: 	[32mServer running on port 5000[39m 
[2025-08-13 12:34:50] [32minfo[39m: 	[32mPrisma Info: Starting a postgresql pool with 9 connections.[39m 
[2025-08-13 12:34:50] [32minfo[39m: 	[32mServer running on port 5000[39m 
[2025-08-13 12:39:07] [32minfo[39m: 	[32mPrisma Info: Starting a postgresql pool with 9 connections.[39m 
[2025-08-13 12:39:07] [32minfo[39m: 	[32mServer running on port 5000[39m 
[2025-08-13 12:39:49] [32minfo[39m: 	[32mPrisma Info: Starting a postgresql pool with 9 connections.[39m 
[2025-08-13 12:39:50] [32minfo[39m: 	[32mServer running on port 5000[39m 
[2025-08-13 12:40:39] [32minfo[39m: 	[32mPrisma Info: Starting a postgresql pool with 9 connections.[39m 
[2025-08-13 12:40:39] [32minfo[39m: 	[32mServer running on port 5000[39m 
[2025-08-13 12:40:52] [32minfo[39m: 	[32mPrisma Info: Starting a postgresql pool with 9 connections.[39m 
[2025-08-13 12:40:52] [32minfo[39m: 	[32mServer running on port 5000[39m 
[2025-08-13 12:41:47] [32minfo[39m: 	[32mPrisma Info: Starting a postgresql pool with 9 connections.[39m 
[2025-08-13 12:41:47] [32minfo[39m: 	[32mServer running on port 5000[39m 
[2025-08-13 12:42:51] [32minfo[39m: 	[32mPrisma Info: Starting a postgresql pool with 9 connections.[39m 
[2025-08-13 12:42:51] [32minfo[39m: 	[32mServer running on port 5000[39m 
[2025-08-13 12:43:28] [32minfo[39m: 	[32mPrisma Info: Starting a postgresql pool with 9 connections.[39m 
[2025-08-13 12:43:28] [32minfo[39m: 	[32mServer running on port 5000[39m 
[2025-08-13 12:44:19] [32minfo[39m: 	[32mPrisma Info: Starting a postgresql pool with 9 connections.[39m 
[2025-08-13 12:44:19] [32minfo[39m: 	[32mServer running on port 5000[39m 
[2025-08-13 12:44:28] [32minfo[39m: 	[32mPrisma Info: Starting a postgresql pool with 9 connections.[39m 
[2025-08-13 12:44:28] [32minfo[39m: 	[32mServer running on port 5000[39m 
[2025-08-13 12:46:02] [32minfo[39m: 	[32mPrisma Info: Starting a postgresql pool with 9 connections.[39m 
[2025-08-13 12:46:02] [32minfo[39m: 	[32mServer running on port 5000[39m 
[2025-08-13 12:47:21] [32minfo[39m: 	[32mPrisma Info: Starting a postgresql pool with 9 connections.[39m 
[2025-08-13 12:47:21] [32minfo[39m: 	[32mServer running on port 5000[39m 
[2025-08-13 12:51:42] [32minfo[39m: 	[32mPrisma Info: Starting a postgresql pool with 9 connections.[39m 
[2025-08-13 12:51:42] [32minfo[39m: 	[32mServer running on port 5000[39m 
[2025-08-13 12:53:36] [32minfo[39m: 	[32mPrisma Info: Starting a postgresql pool with 9 connections.[39m 
[2025-08-13 12:53:36] [32minfo[39m: 	[32mServer running on port 5000[39m 
[2025-08-13 12:54:17] [32minfo[39m: 	[32mPrisma Info: Starting a postgresql pool with 9 connections.[39m 
[2025-08-13 12:54:17] [32minfo[39m: 	[32mServer running on port 5000[39m 
[2025-08-13 12:55:38] [32minfo[39m: 	[32mPrisma Info: Starting a postgresql pool with 9 connections.[39m 
[2025-08-13 12:55:38] [32minfo[39m: 	[32mServer running on port 5000[39m 
[2025-08-13 12:57:08] [32minfo[39m: 	[32mPrisma Info: Starting a postgresql pool with 9 connections.[39m 
[2025-08-13 12:57:08] [32minfo[39m: 	[32mServer running on port 5000[39m 
[2025-08-13 12:58:56] [32minfo[39m: 	[32mPrisma Info: Starting a postgresql pool with 9 connections.[39m 
[2025-08-13 12:58:56] [32minfo[39m: 	[32mServer running on port 5000[39m 
[2025-08-13 01:00:36] [32minfo[39m: 	[32mPrisma Info: Starting a postgresql pool with 9 connections.[39m 
[2025-08-13 01:00:37] [32minfo[39m: 	[32mServer running on port 5000[39m 
[2025-08-13 01:01:20] [32minfo[39m: 	[32mPrisma Info: Starting a postgresql pool with 9 connections.[39m 
[2025-08-13 01:01:20] [32minfo[39m: 	[32mServer running on port 5000[39m 
[2025-08-13 01:02:02] [32minfo[39m: 	[32mPrisma Info: Starting a postgresql pool with 9 connections.[39m 
[2025-08-13 01:02:02] [32minfo[39m: 	[32mServer running on port 5000[39m 
[2025-08-13 01:02:53] [32minfo[39m: 	[32mPrisma Info: Starting a postgresql pool with 9 connections.[39m 
[2025-08-13 01:02:53] [32minfo[39m: 	[32mServer running on port 5000[39m 
[2025-08-13 01:05:04] [32minfo[39m: 	[32mPrisma Info: Starting a postgresql pool with 9 connections.[39m 
[2025-08-13 01:05:04] [32minfo[39m: 	[32mServer running on port 5000[39m 
[2025-08-13 01:06:21] [32minfo[39m: 	[32mPrisma Info: Starting a postgresql pool with 9 connections.[39m 
[2025-08-13 01:06:21] [32minfo[39m: 	[32mServer running on port 5000[39m 
[2025-08-13 01:21:54] [32minfo[39m: 	[32mPrisma Info: Starting a postgresql pool with 9 connections.[39m 
[2025-08-13 01:21:54] [32minfo[39m: 	[32mServer running on port 5000[39m 
[2025-08-13 01:22:10] [32minfo[39m: 	[32mPrisma Info: Starting a postgresql pool with 9 connections.[39m 
[2025-08-13 01:22:10] [32minfo[39m: 	[32mServer running on port 5000[39m 
[2025-08-13 11:09:53] [32minfo[39m: 	[32mPrisma Info: Starting a postgresql pool with 9 connections.[39m 
[2025-08-13 11:09:53] [32minfo[39m: 	[32mServer running on port 5000[39m 
[2025-08-13 11:12:33] [32minfo[39m: 	[32mPrisma Info: Starting a postgresql pool with 9 connections.[39m 
[2025-08-13 11:12:33] [32minfo[39m: 	[32mServer running on port 5000[39m 
[2025-08-13 11:12:56] [32minfo[39m: 	[32mPrisma Info: Starting a postgresql pool with 9 connections.[39m 
[2025-08-13 11:12:56] [32minfo[39m: 	[32mServer running on port 5000[39m 
[2025-08-13 11:14:03] [32minfo[39m: 	[32mPrisma Info: Starting a postgresql pool with 9 connections.[39m 
[2025-08-13 11:14:03] [32minfo[39m: 	[32mServer running on port 5000[39m 
[2025-08-13 11:15:48] [32minfo[39m: 	[32mPrisma Info: Starting a postgresql pool with 9 connections.[39m 
[2025-08-13 11:15:48] [32minfo[39m: 	[32mServer running on port 5000[39m 
[2025-08-13 11:17:01] [32minfo[39m: 	[32mPrisma Info: Starting a postgresql pool with 9 connections.[39m 
[2025-08-13 11:17:01] [32minfo[39m: 	[32mServer running on port 5000[39m 
[2025-08-13 11:17:40] [32minfo[39m: 	[32mPrisma Info: Starting a postgresql pool with 9 connections.[39m 
[2025-08-13 11:17:40] [32minfo[39m: 	[32mServer running on port 5000[39m 
[2025-08-13 11:18:18] [32minfo[39m: 	[32mPrisma Info: Starting a postgresql pool with 9 connections.[39m 
[2025-08-13 11:18:18] [32minfo[39m: 	[32mServer running on port 5000[39m 
[2025-08-13 12:56:21] [32minfo[39m: 	[32mPrisma Info: Starting a postgresql pool with 9 connections.[39m 
[2025-08-13 12:56:21] [32minfo[39m: 	[32mServer running on port 5000[39m 
[2025-08-13 08:20:28] [32minfo[39m: 	[32mPrisma Info: Starting a postgresql pool with 9 connections.[39m 
[2025-08-13 08:20:28] [32minfo[39m: 	[32mServer running on port 5000[39m 
[2025-08-13 11:51:58] [32minfo[39m: 	[32mShutting down server...[39m 
[2025-08-13 11:51:58] [32minfo[39m: 	[32mWebSocket service cleaned up[39m 
[2025-08-13 11:52:14] [32minfo[39m: 	[32mPrisma Info: Starting a postgresql pool with 9 connections.[39m 
[2025-08-13 11:52:14] [32minfo[39m: 	[32mServer running on port 5000[39m 
[2025-08-13 11:57:14] [32minfo[39m: 	[32mPrisma Info: Starting a postgresql pool with 9 connections.[39m 
[2025-08-13 11:57:14] [32minfo[39m: 	[32mServer running on port 5000[39m 
[2025-08-13 11:57:14] [32minfo[39m: 	[32mPrisma Info: Starting a postgresql pool with 9 connections.[39m 
[2025-08-14 12:08:43] [32minfo[39m: 	[32mPrisma Info: Starting a postgresql pool with 9 connections.[39m 
[2025-08-14 12:08:43] [32minfo[39m: 	[32mServer running on port 5000[39m 
[2025-08-14 12:08:43] [32minfo[39m: 	[32mPrisma Info: Starting a postgresql pool with 9 connections.[39m 
[2025-08-14 12:09:19] [32minfo[39m: 	[32mPrisma Info: Starting a postgresql pool with 9 connections.[39m 
[2025-08-14 12:13:28] [32minfo[39m: 	[32mPrisma Info: Starting a postgresql pool with 9 connections.[39m 
[2025-08-14 12:14:17] [32minfo[39m: 	[32mPrisma Info: Starting a postgresql pool with 9 connections.[39m 
[2025-08-14 12:14:17] [32minfo[39m: 	[32mServer running on port 5000[39m 
[2025-08-14 12:14:17] [32minfo[39m: 	[32mPrisma Info: Starting a postgresql pool with 9 connections.[39m 
[2025-08-14 12:30:27] [32minfo[39m: 	[32mShutting down server...[39m 
[2025-08-14 12:30:27] [32minfo[39m: 	[32mWebSocket service cleaned up[39m 
[2025-08-14 12:30:40] [32minfo[39m: 	[32mPrisma Info: Starting a postgresql pool with 9 connections.[39m 
[2025-08-14 12:30:40] [32minfo[39m: 	[32mServer running on port 5000[39m 
[2025-08-14 12:32:08] [32minfo[39m: 	[32mPrisma Info: Starting a postgresql pool with 9 connections.[39m 
[2025-08-14 12:32:08] [32minfo[39m: 	[32mServer running on port 5000[39m 
[2025-08-14 12:32:08] [32minfo[39m: 	[32mPrisma Info: Starting a postgresql pool with 9 connections.[39m 
[2025-08-14 12:32:17] [32minfo[39m: 	[32mPrisma Info: Starting a postgresql pool with 9 connections.[39m 
[2025-08-14 12:33:14] [32minfo[39m: 	[32mPrisma Info: Starting a postgresql pool with 9 connections.[39m 
[2025-08-14 12:33:14] [32minfo[39m: 	[32mServer running on port 5000[39m 
[2025-08-14 12:33:14] [32minfo[39m: 	[32mPrisma Info: Starting a postgresql pool with 9 connections.[39m 
[2025-08-14 12:33:14] [32minfo[39m: 	[32mPrisma Info: Starting a postgresql pool with 9 connections.[39m 
[2025-08-14 12:34:23] [32minfo[39m: 	[32mPrisma Info: Starting a postgresql pool with 9 connections.[39m 
[2025-08-14 12:34:23] [32minfo[39m: 	[32mServer running on port 5000[39m 
[2025-08-14 12:34:23] [32minfo[39m: 	[32mPrisma Info: Starting a postgresql pool with 9 connections.[39m 
[2025-08-14 12:34:23] [32minfo[39m: 	[32mPrisma Info: Starting a postgresql pool with 9 connections.[39m 
[2025-08-14 12:34:59] [32minfo[39m: 	[32mPrisma Info: Starting a postgresql pool with 9 connections.[39m 
[2025-08-14 12:43:50] [32minfo[39m: 	[32mShutting down server...[39m 
[2025-08-14 12:43:50] [32minfo[39m: 	[32mWebSocket service cleaned up[39m 
[2025-08-14 12:44:58] [32minfo[39m: 	[32mPrisma Info: Starting a postgresql pool with 9 connections.[39m 
[2025-08-14 12:44:59] [32minfo[39m: 	[32mServer running on port 5000[39m 
[2025-08-14 12:47:14] [32minfo[39m: 	[32mShutting down server...[39m 
[2025-08-14 12:47:14] [32minfo[39m: 	[32mWebSocket service cleaned up[39m 
[2025-08-14 12:47:25] [32minfo[39m: 	[32mPrisma Info: Starting a postgresql pool with 9 connections.[39m 
[2025-08-14 12:47:25] [32minfo[39m: 	[32mServer running on port 5000[39m 
[2025-08-14 12:49:09] [32minfo[39m: 	[32mShutting down server...[39m 
[2025-08-14 12:49:09] [32minfo[39m: 	[32mWebSocket service cleaned up[39m 
[2025-08-14 12:49:19] [32minfo[39m: 	[32mPrisma Info: Starting a postgresql pool with 9 connections.[39m 
[2025-08-14 12:49:20] [32minfo[39m: 	[32mServer running on port 5000[39m 
[2025-08-14 02:55:54] [32minfo[39m: 	[32mPrisma Info: Starting a postgresql pool with 9 connections.[39m 
[2025-08-14 02:55:54] [32minfo[39m: 	[32mPrisma Info: Starting a postgresql pool with 9 connections.[39m 
[2025-08-14 02:55:54] [32minfo[39m: 	[32mPrisma Info: Starting a postgresql pool with 9 connections.[39m 
[2025-08-14 02:55:54] [32minfo[39m: 	[32mServer running on port 5000[39m 
[2025-08-14 10:04:38] [32minfo[39m: 	[32mPrisma Info: Starting a postgresql pool with 9 connections.[39m 
[2025-08-14 10:04:38] [32minfo[39m: 	[32mServer running on port 5000[39m 
[2025-08-14 11:37:05] [32minfo[39m: 	[32mPrisma Info: Starting a postgresql pool with 9 connections.[39m 
[2025-08-14 11:37:05] [32minfo[39m: 	[32mServer running on port 5000[39m 
[2025-08-14 11:45:49] [32minfo[39m: 	[32mPrisma Info: Starting a postgresql pool with 9 connections.[39m 
[2025-08-14 11:45:49] [32minfo[39m: 	[32mServer running on port 5000[39m 
[2025-08-14 01:40:44] [32minfo[39m: 	[32mPrisma Info: Starting a postgresql pool with 9 connections.[39m 
[2025-08-14 01:40:44] [32minfo[39m: 	[32mServer running on port 5000[39m 
[2025-08-14 02:17:30] [32minfo[39m: 	[32mPrisma Info: Starting a postgresql pool with 9 connections.[39m 
[2025-08-14 02:17:30] [32minfo[39m: 	[32mServer running on port 5000[39m 
[2025-08-14 03:07:10] [32minfo[39m: 	[32mPrisma Info: Starting a postgresql pool with 9 connections.[39m 
[2025-08-14 03:07:10] [32minfo[39m: 	[32mServer running on port 5000[39m 
[2025-08-14 05:04:31] [32minfo[39m: 	[32mServer running on port 5000[39m 
[2025-08-14 05:04:55] [32minfo[39m: 	[32mServer running on port 5000[39m 
[2025-08-14 06:39:49] [32minfo[39m: 	[32mServer running on port 5000[39m 
[2025-08-14 07:48:16] [32minfo[39m: 	[32mServer running on port 5000[39m 
[2025-08-14 08:36:08] [32minfo[39m: 	[32mServer running on port 5000[39m 
[2025-08-14 10:17:24] [32minfo[39m: 	[32mServer running on port 5000[39m 
[2025-08-14 11:18:20] [32minfo[39m: 	[32mServer running on port 5000[39m 
[2025-08-14 11:21:00] [32minfo[39m: 	[32mServer running on port 5000[39m 
[2025-08-14 11:22:24] [32minfo[39m: 	[32mServer running on port 5000[39m 
[2025-08-14 11:22:39] [32minfo[39m: 	[32mServer running on port 5000[39m 
[2025-08-14 11:26:40] [32minfo[39m: 	[32mServer running on port 5000[39m 
[2025-08-14 11:27:31] [32minfo[39m: 	[32mServer running on port 5000[39m 
[2025-08-15 12:20:26] [32minfo[39m: 	[32mServer running on port 5000[39m 
[2025-08-15 12:54:44] [32minfo[39m: 	[32mServer running on port 5000[39m 
[2025-08-15 12:58:38] [32minfo[39m: 	[32mServer running on port 5000[39m 
[2025-08-15 09:15:46] [32minfo[39m: 	[32mServer running on port 5000[39m 
[2025-08-15 02:18:38] [32minfo[39m: 	[32mServer running on port 5000[39m 
[2025-08-15 03:19:29] [32minfo[39m: 	[32mServer running on port 5000[39m 
[2025-08-15 06:08:24] [32minfo[39m: 	[32mServer running on port 5000[39m 
[2025-08-15 06:10:29] [32minfo[39m: 	[32mServer running on port 5000[39m 
[2025-08-15 06:11:23] [32minfo[39m: 	[32mServer running on port 5000[39m 
[2025-08-15 06:12:35] [32minfo[39m: 	[32mServer running on port 5000[39m 
[2025-08-15 06:17:10] [32minfo[39m: 	[32mServer running on port 5000[39m 
[2025-08-15 06:17:19] [32minfo[39m: 	[32mServer running on port 5000[39m 
[2025-08-15 06:17:33] [32minfo[39m: 	[32mServer running on port 5000[39m 
[2025-08-15 06:40:40] [32minfo[39m: 	[32mServer running on port 5000[39m 
[2025-08-15 06:40:59] [32minfo[39m: 	[32mServer running on port 5000[39m 
[2025-08-15 06:41:19] [32minfo[39m: 	[32mServer running on port 5000[39m 
[2025-08-15 06:41:30] [32minfo[39m: 	[32mServer running on port 5000[39m 
[2025-08-15 06:41:39] [32minfo[39m: 	[32mServer running on port 5000[39m 
[2025-08-15 06:41:54] [32minfo[39m: 	[32mServer running on port 5000[39m 
[2025-08-15 06:42:03] [32minfo[39m: 	[32mServer running on port 5000[39m 
[2025-08-15 06:42:20] [32minfo[39m: 	[32mServer running on port 5000[39m 
[2025-08-15 06:42:29] [32minfo[39m: 	[32mServer running on port 5000[39m 
[2025-08-15 06:42:39] [32minfo[39m: 	[32mServer running on port 5000[39m 
[2025-08-15 06:42:49] [32minfo[39m: 	[32mServer running on port 5000[39m 
[2025-08-15 06:42:59] [32minfo[39m: 	[32mServer running on port 5000[39m 
[2025-08-15 06:43:09] [32minfo[39m: 	[32mServer running on port 5000[39m 
[2025-08-15 06:43:24] [32minfo[39m: 	[32mServer running on port 5000[39m 
[2025-08-15 06:43:32] [32minfo[39m: 	[32mServer running on port 5000[39m 
[2025-08-15 06:43:39] [32minfo[39m: 	[32mServer running on port 5000[39m 
[2025-08-15 06:43:49] [32minfo[39m: 	[32mServer running on port 5000[39m 
[2025-08-15 06:43:54] [32minfo[39m: 	[32mServer running on port 5000[39m 
[2025-08-15 06:44:12] [32minfo[39m: 	[32mServer running on port 5000[39m 
[2025-08-15 06:44:21] [32minfo[39m: 	[32mServer running on port 5000[39m 
[2025-08-15 06:44:29] [32minfo[39m: 	[32mServer running on port 5000[39m 
[2025-08-15 06:44:39] [32minfo[39m: 	[32mServer running on port 5000[39m 
[2025-08-15 06:44:52] [32minfo[39m: 	[32mServer running on port 5000[39m 
[2025-08-15 06:45:01] [32minfo[39m: 	[32mServer running on port 5000[39m 
[2025-08-15 06:45:17] [32minfo[39m: 	[32mServer running on port 5000[39m 
[2025-08-15 06:45:47] [32minfo[39m: 	[32mServer running on port 5000[39m 
[2025-08-15 06:45:57] [32minfo[39m: 	[32mServer running on port 5000[39m 
[2025-08-15 06:46:06] [32minfo[39m: 	[32mServer running on port 5000[39m 
[2025-08-15 06:46:24] [32minfo[39m: 	[32mServer running on port 5000[39m 
[2025-08-15 06:46:32] [32minfo[39m: 	[32mServer running on port 5000[39m 
[2025-08-15 06:46:47] [32minfo[39m: 	[32mServer running on port 5000[39m 
[2025-08-15 06:46:56] [32minfo[39m: 	[32mServer running on port 5000[39m 
[2025-08-15 06:47:03] [32minfo[39m: 	[32mServer running on port 5000[39m 
[2025-08-15 06:47:16] [32minfo[39m: 	[32mServer running on port 5000[39m 
[2025-08-15 06:47:33] [32minfo[39m: 	[32mServer running on port 5000[39m 
[2025-08-15 06:47:45] [32minfo[39m: 	[32mServer running on port 5000[39m 
[2025-08-15 06:49:09] [32minfo[39m: 	[32mServer running on port 5000[39m 
[2025-08-15 06:49:21] [32minfo[39m: 	[32mServer running on port 5000[39m 
[2025-08-15 06:50:27] [32minfo[39m: 	[32mServer running on port 5000[39m 
[2025-08-15 07:10:48] [32minfo[39m: 	[32mServer running on port 5000[39m 
[2025-08-15 07:11:34] [32minfo[39m: 	[32mServer running on port 5000[39m 
[2025-08-15 07:12:36] [32minfo[39m: 	[32mServer running on port 5000[39m 
[2025-08-15 07:12:59] [32minfo[39m: 	[32mServer running on port 5000[39m 
[2025-08-15 07:13:15] [32minfo[39m: 	[32mServer running on port 5000[39m 
[2025-08-15 07:13:25] [32minfo[39m: 	[32mServer running on port 5000[39m 
[2025-08-15 07:13:35] [32minfo[39m: 	[32mServer running on port 5000[39m 
[2025-08-15 07:21:52] [32minfo[39m: 	[32mShutting down server...[39m 
[2025-08-15 07:21:52] [32minfo[39m: 	[32mWebSocket service cleaned up[39m 
[2025-08-15 07:22:18] [32minfo[39m: 	[32mServer running on port 5000[39m 
[2025-08-15 07:54:49] [32minfo[39m: 	[32mServer running on port 5000[39m 
[2025-08-15 07:55:06] [32minfo[39m: 	[32mServer running on port 5000[39m 
[2025-08-15 07:55:36] [32minfo[39m: 	[32mServer running on port 5000[39m 
[2025-08-15 07:55:56] [32minfo[39m: 	[32mServer running on port 5000[39m 
[2025-08-15 08:04:25] [32minfo[39m: 	[32mServer running on port 5000[39m 
[2025-08-15 08:10:52] [32minfo[39m: 	[32mServer running on port 5000[39m 
[2025-08-15 08:13:08] [32minfo[39m: 	[32mServer running on port 5000[39m 
[2025-08-15 08:14:16] [32minfo[39m: 	[32mShutting down server...[39m 
[2025-08-15 08:14:16] [32minfo[39m: 	[32mWebSocket service cleaned up[39m 
[2025-08-15 08:14:42] [32minfo[39m: 	[32mServer running on port 5000[39m 
[2025-08-15 08:22:28] [32minfo[39m: 	[32mServer running on port 5000[39m 
[2025-08-15 08:29:32] [32minfo[39m: 	[32mServer running on port 5000[39m 
[2025-08-15 08:32:44] [32minfo[39m: 	[32mServer running on port 5000[39m 
[2025-08-15 08:40:46] [32minfo[39m: 	[32mServer running on port 5000[39m 
[2025-08-15 09:05:10] [32minfo[39m: 	[32mServer running on port 5000[39m 
[2025-08-15 09:05:18] [32minfo[39m: 	[32mServer running on port 5000[39m 
[2025-08-15 09:13:35] [32minfo[39m: 	[32mServer running on port 5000[39m 
[2025-08-15 09:27:11] [32minfo[39m: 	[32mServer running on port 5000[39m 
[2025-08-15 09:30:04] [32minfo[39m: 	[32mServer running on port 5000[39m 
[2025-08-15 09:31:49] [32minfo[39m: 	[32mServer running on port 5000[39m 
[2025-08-15 09:32:05] [32minfo[39m: 	[32mServer running on port 5000[39m 
[2025-08-15 09:32:20] [32minfo[39m: 	[32mServer running on port 5000[39m 
[2025-08-15 09:44:44] [31merror[39m: 	[31mServer startup failed: [1;91merror[0m: [1mEnvironment variable not found: DATABASE_URL.[0m[39m
[31m  [1;94m-->[0m  [4mschema.prisma:7[0m[39m
[31m[1;94m   | [0m[39m
[31m[1;94m 6 | [0m  provider = "postgresql"[39m
[31m[1;94m 7 | [0m  url      = [1;91menv("DATABASE_URL")[0m[39m
[31m[1;94m   | [0m[39m

[31mValidation Error Count: 1[39m {
  "clientVersion": "6.13.0",
  "errorCode": "P1012",
  "name": "PrismaClientInitializationError",
  "stack": "PrismaClientInitializationError: \u001b[1;91merror\u001b[0m: \u001b[1mEnvironment variable not found: DATABASE_URL.\u001b[0m\n  \u001b[1;94m-->\u001b[0m  \u001b[4mschema.prisma:7\u001b[0m\n\u001b[1;94m   | \u001b[0m\n\u001b[1;94m 6 | \u001b[0m  provider = \"postgresql\"\n\u001b[1;94m 7 | \u001b[0m  url      = \u001b[1;91menv(\"DATABASE_URL\")\u001b[0m\n\u001b[1;94m   | \u001b[0m\n\nValidation Error Count: 1\n    at r (C:\\Users\\kisho\\OneDrive\\Desktop\\KardexCare\\backend\\node_modules\\@prisma\\client\\src\\runtime\\core\\engines\\library\\LibraryEngine.ts:440:17)\n    at async startServer (C:\\Users\\kisho\\OneDrive\\Desktop\\KardexCare\\backend\\src\\server.ts:127:5)"
}
[2025-08-15 09:56:17] [32minfo[39m: 	[32mServer running on port 5000[39m 
[2025-08-15 09:57:50] [32minfo[39m: 	[32mShutting down server...[39m 
[2025-08-15 09:57:50] [32minfo[39m: 	[32mWebSocket service cleaned up[39m 
[2025-08-15 09:58:16] [32minfo[39m: 	[32mServer running on port 5000[39m 
[2025-08-15 10:06:45] [32minfo[39m: 	[32mShutting down server...[39m 
[2025-08-15 10:06:45] [32minfo[39m: 	[32mWebSocket service cleaned up[39m 
[2025-08-15 10:07:12] [31merror[39m: 	[31mServer startup failed: [1;91merror[0m: [1mEnvironment variable not found: DATABASE_URL.[0m[39m
[31m  [1;94m-->[0m  [4mschema.prisma:7[0m[39m
[31m[1;94m   | [0m[39m
[31m[1;94m 6 | [0m  provider = "postgresql"[39m
[31m[1;94m 7 | [0m  url      = [1;91menv("DATABASE_URL")[0m[39m
[31m[1;94m   | [0m[39m

[31mValidation Error Count: 1[39m {
  "clientVersion": "6.13.0",
  "errorCode": "P1012",
  "name": "PrismaClientInitializationError",
  "stack": "PrismaClientInitializationError: \u001b[1;91merror\u001b[0m: \u001b[1mEnvironment variable not found: DATABASE_URL.\u001b[0m\n  \u001b[1;94m-->\u001b[0m  \u001b[4mschema.prisma:7\u001b[0m\n\u001b[1;94m   | \u001b[0m\n\u001b[1;94m 6 | \u001b[0m  provider = \"postgresql\"\n\u001b[1;94m 7 | \u001b[0m  url      = \u001b[1;91menv(\"DATABASE_URL\")\u001b[0m\n\u001b[1;94m   | \u001b[0m\n\nValidation Error Count: 1\n    at r (C:\\Users\\kisho\\OneDrive\\Desktop\\KardexCare\\backend\\node_modules\\@prisma\\client\\src\\runtime\\core\\engines\\library\\LibraryEngine.ts:440:17)\n    at async startServer (C:\\Users\\kisho\\OneDrive\\Desktop\\KardexCare\\backend\\src\\server.ts:130:5)"
}
[2025-08-15 10:09:31] [31merror[39m: 	[31mServer startup failed: [1;91merror[0m: [1mEnvironment variable not found: DATABASE_URL.[0m[39m
[31m  [1;94m-->[0m  [4mschema.prisma:7[0m[39m
[31m[1;94m   | [0m[39m
[31m[1;94m 6 | [0m  provider = "postgresql"[39m
[31m[1;94m 7 | [0m  url      = [1;91menv("DATABASE_URL")[0m[39m
[31m[1;94m   | [0m[39m

[31mValidation Error Count: 1[39m {
  "clientVersion": "6.13.0",
  "errorCode": "P1012",
  "name": "PrismaClientInitializationError",
  "stack": "PrismaClientInitializationError: \u001b[1;91merror\u001b[0m: \u001b[1mEnvironment variable not found: DATABASE_URL.\u001b[0m\n  \u001b[1;94m-->\u001b[0m  \u001b[4mschema.prisma:7\u001b[0m\n\u001b[1;94m   | \u001b[0m\n\u001b[1;94m 6 | \u001b[0m  provider = \"postgresql\"\n\u001b[1;94m 7 | \u001b[0m  url      = \u001b[1;91menv(\"DATABASE_URL\")\u001b[0m\n\u001b[1;94m   | \u001b[0m\n\nValidation Error Count: 1\n    at r (C:\\Users\\kisho\\OneDrive\\Desktop\\KardexCare\\backend\\node_modules\\@prisma\\client\\src\\runtime\\core\\engines\\library\\LibraryEngine.ts:440:17)\n    at async startServer (C:\\Users\\kisho\\OneDrive\\Desktop\\KardexCare\\backend\\src\\server.ts:130:5)"
}
[2025-08-15 10:14:14] [32minfo[39m: 	[32mServer running on port 5000[39m 
[2025-08-15 10:20:25] [32minfo[39m: 	[32mServer running on port 5000[39m 
[2025-08-15 10:20:40] [32minfo[39m: 	[32mServer running on port 5000[39m 
[2025-08-15 10:23:11] [32minfo[39m: 	[32mServer running on port 5000[39m 
[2025-08-15 10:25:08] [32minfo[39m: 	[32mShutting down server...[39m 
[2025-08-15 10:25:08] [32minfo[39m: 	[32mWebSocket service cleaned up[39m 
[2025-08-15 10:25:30] [32minfo[39m: 	[32mServer running on port 5000[39m 
[2025-08-15 10:26:03] [32minfo[39m: 	[32mServer running on port 5000[39m 
[2025-08-15 10:26:53] [32minfo[39m: 	[32mServer running on port 5000[39m 
[2025-08-15 10:27:01] [32minfo[39m: 	[32mServer running on port 5000[39m 
[2025-08-15 10:27:08] [32minfo[39m: 	[32mServer running on port 5000[39m 
[2025-08-15 10:27:18] [32minfo[39m: 	[32mServer running on port 5000[39m 
[2025-08-15 10:27:26] [32minfo[39m: 	[32mServer running on port 5000[39m 
[2025-08-15 10:27:34] [32minfo[39m: 	[32mServer running on port 5000[39m 
[2025-08-15 10:29:06] [32minfo[39m: 	[32mServer running on port 5000[39m 
[2025-08-15 10:34:24] [32minfo[39m: 	[32mServer running on port 5000[39m 
[2025-08-15 10:36:02] [32minfo[39m: 	[32mServer running on port 5000[39m 
[2025-08-15 10:39:19] [32minfo[39m: 	[32mServer running on port 5000[39m 
[2025-08-15 10:58:58] [32minfo[39m: 	[32mShutting down server...[39m 
[2025-08-15 10:58:58] [32minfo[39m: 	[32mWebSocket service cleaned up[39m 
[2025-08-15 10:59:20] [32minfo[39m: 	[32mServer running on port 5000[39m 
[2025-08-16 12:52:09] [32minfo[39m: 	[32mServer running on port 5000[39m 
[2025-08-16 12:52:29] [32minfo[39m: 	[32mServer running on port 5000[39m 
[2025-08-16 08:17:52] [32minfo[39m: 	[32mServer running on port 5000[39m 
[2025-08-16 08:27:05] [32minfo[39m: 	[32mServer running on port 5000[39m 
[2025-08-16 09:04:36] [32minfo[39m: 	[32mServer running on port 5000[39m 
[2025-08-16 09:20:29] [32minfo[39m: 	[32mServer running on port 5000[39m 
[2025-08-16 10:07:29] [32minfo[39m: 	[32mShutting down server...[39m 
[2025-08-16 10:07:29] [32minfo[39m: 	[32mWebSocket service cleaned up[39m 
[2025-08-16 10:13:08] [32minfo[39m: 	[32mServer running on port 5000[39m 
[2025-08-16 01:00:29] [32minfo[39m: 	[32mShutting down server...[39m 
[2025-08-16 01:00:29] [32minfo[39m: 	[32mWebSocket service cleaned up[39m 
[2025-08-16 01:00:43] [32minfo[39m: 	[32mServer running on port 5000[39m 
[2025-08-16 01:13:30] [32minfo[39m: 	[32mServer running on port 5000[39m 
[2025-08-16 01:13:52] [32minfo[39m: 	[32mServer running on port 5000[39m 
[2025-08-16 01:23:12] [32minfo[39m: 	[32mServer running on port 5000[39m 
[2025-08-16 02:07:13] [32minfo[39m: 	[32mShutting down server...[39m 
[2025-08-16 02:07:13] [32minfo[39m: 	[32mWebSocket service cleaned up[39m 
[2025-08-16 02:07:40] [32minfo[39m: 	[32mServer running on port 5000[39m 
[2025-08-16 02:13:20] [32minfo[39m: 	[32mShutting down server...[39m 
[2025-08-16 02:13:20] [32minfo[39m: 	[32mWebSocket service cleaned up[39m 
[2025-08-16 02:13:31] [32minfo[39m: 	[32mServer running on port 5000[39m 
[2025-08-16 04:48:29] [32minfo[39m: 	[32mServer running on port 5000[39m 
[2025-08-16 08:51:18] [32minfo[39m: 	[32mServer running on port 5000[39m 
[2025-08-16 09:19:41] [32minfo[39m: 	[32mServer running on port 5000[39m 
[2025-08-16 09:29:38] [32minfo[39m: 	[32mServer running on port 5000[39m 
[2025-08-16 09:36:18] [32minfo[39m: 	[32mServer running on port 5000[39m 
[2025-08-16 11:35:27] [32minfo[39m: 	[32mServer running on port 5000[39m 
[2025-08-16 11:52:02] [32minfo[39m: 	[32mShutting down server...[39m 
[2025-08-16 11:52:02] [32minfo[39m: 	[32mWebSocket service cleaned up[39m 
[2025-08-16 11:52:16] [32minfo[39m: 	[32mServer running on port 5000[39m 
[2025-08-16 11:57:14] [32minfo[39m: 	[32mServer running on port 5000[39m 
[2025-08-17 12:07:13] [32minfo[39m: 	[32mServer running on port 5000[39m 
[2025-08-17 12:08:01] [32minfo[39m: 	[32mServer running on port 5000[39m 
[2025-08-17 12:20:16] [32minfo[39m: 	[32mServer running on port 5000[39m 
[2025-08-17 12:26:08] [32minfo[39m: 	[32mShutting down server...[39m 
[2025-08-17 12:26:08] [32minfo[39m: 	[32mWebSocket service cleaned up[39m 
[2025-08-17 12:33:23] [32minfo[39m: 	[32mServer running on port 5000[39m 
[2025-08-17 01:24:17] [32minfo[39m: 	[32mShutting down server...[39m 
[2025-08-17 01:24:17] [32minfo[39m: 	[32mWebSocket service cleaned up[39m 
[2025-08-17 01:24:34] [32minfo[39m: 	[32mServer running on port 5000[39m 
[2025-08-17 06:37:56] [32minfo[39m: 	[32mServer running on port 5000[39m 
[2025-08-17 09:22:41] [32minfo[39m: 	[32mServer running on port 5000[39m 
[2025-08-17 09:23:03] [32minfo[39m: 	[32mServer running on port 5000[39m 
[2025-08-17 09:23:11] [32minfo[39m: 	[32mServer running on port 5000[39m 
[2025-08-17 09:26:50] [32minfo[39m: 	[32mServer running on port 5000[39m 
[2025-08-17 09:26:58] [32minfo[39m: 	[32mServer running on port 5000[39m 
[2025-08-17 09:27:50] [32minfo[39m: 	[32mServer running on port 5000[39m 
[2025-08-17 09:28:13] [32minfo[39m: 	[32mServer running on port 5000[39m 
[2025-08-17 09:28:21] [32minfo[39m: 	[32mServer running on port 5000[39m 
[2025-08-17 09:31:09] [32minfo[39m: 	[32mServer running on port 5000[39m 
[2025-08-18 12:10:41] [32minfo[39m: 	[32mShutting down server...[39m 
[2025-08-18 12:10:41] [32minfo[39m: 	[32mWebSocket service cleaned up[39m 
[2025-08-18 12:10:56] [32minfo[39m: 	[32mServer running on port 5000[39m 
[2025-08-18 12:34:44] [32minfo[39m: 	[32mServer running on port 5000[39m 
[2025-08-18 12:37:53] [32minfo[39m: 	[32mServer running on port 5000[39m 
[2025-08-18 12:38:38] [32minfo[39m: 	[32mServer running on port 5000[39m 
[2025-08-18 12:39:35] [32minfo[39m: 	[32mServer running on port 5000[39m 
[2025-08-18 12:40:35] [32minfo[39m: 	[32mServer running on port 5000[39m 
[2025-08-18 12:43:54] [32minfo[39m: 	[32mServer running on port 5000[39m 
[2025-08-18 12:56:37] [32minfo[39m: 	[32mServer running on port 5000[39m 
[2025-08-18 08:54:16] [32minfo[39m: 	[32mServer running on port 5000[39m 
[2025-08-18 02:08:16] [32minfo[39m: 	[32mServer running on port 5000[39m 
[2025-08-19 10:26:27] [32minfo[39m: 	[32mServer running on port 5000[39m 
[2025-08-19 11:16:27] [32minfo[39m: 	[32mServer running on port 5000[39m 
[2025-08-19 05:50:35] [32minfo[39m: 	[32mServer running on port 5000[39m 
[2025-08-23 10:50:05] [32minfo[39m: 	[32mServer running on port 5000[39m 
[2025-08-23 11:55:20] [32minfo[39m: 	[32mServer running on port 5000[39m 
[2025-08-25 09:46:33] [32minfo[39m: 	[32mServer running on port 5000[39m 
[2025-09-04 09:49:22] [32minfo[39m: 	[32mServer running on port 5000[39m 
[2025-09-04 11:58:48] [32minfo[39m: 	[32mServer running on port 5000[39m 
[2025-09-05 12:00:32] [32minfo[39m: 	[32mServer running on port 5000[39m 
[2025-09-05 12:01:29] [32minfo[39m: 	[32mServer running on port 5000[39m 
[2025-09-05 01:05:17] [32minfo[39m: 	[32mServer running on port 5000[39m 
[2025-09-05 01:07:11] [32minfo[39m: 	[32mServer running on port 5000[39m 
[2025-09-05 08:54:00] [32minfo[39m: 	[32mServer running on port 5000[39m 
[2025-09-05 11:23:46] [32minfo[39m: 	[32mServer running on port 5000[39m 
[2025-09-05 11:24:09] [32minfo[39m: 	[32mServer running on port 5000[39m 
[2025-09-05 11:24:47] [32minfo[39m: 	[32mServer running on port 5000[39m 
[2025-09-05 11:55:02] [32minfo[39m: 	[32mServer running on port 5000[39m 
[2025-09-05 12:53:20] [32minfo[39m: 	[32mServer running on port 5000[39m 
[2025-09-05 01:03:41] [32minfo[39m: 	[32mServer running on port 5000[39m 
[2025-09-05 01:10:52] [32minfo[39m: 	[32mServer running on port 5000[39m 
[2025-09-05 02:15:53] [32minfo[39m: 	[32mServer running on port 5000[39m 
[2025-09-05 02:19:57] [32minfo[39m: 	[32mServer running on port 5000[39m 
[2025-09-05 02:20:34] [32minfo[39m: 	[32mServer running on port 5000[39m 
[2025-09-05 02:21:11] [32minfo[39m: 	[32mServer running on port 5000[39m 
[2025-09-05 02:46:06] [32minfo[39m: 	[32mServer running on port 5000[39m 
[2025-09-05 03:40:53] [32minfo[39m: 	[32mServer running on port 5000[39m 
[2025-09-05 04:26:36] [32minfo[39m: 	[32mShutting down server...[39m 
[2025-09-05 04:28:12] [32minfo[39m: 	[32mServer running on port 5000[39m 
[2025-09-05 04:53:16] [32minfo[39m: 	[32mShutting down server...[39m 
[2025-09-05 04:56:33] [32minfo[39m: 	[32mServer running on port 5000[39m 
[2025-09-05 05:51:55] [32minfo[39m: 	[32mServer running on port 5000[39m 
[2025-09-05 06:46:29] [32minfo[39m: 	[32mServer running on port 5000[39m 
[2025-09-05 07:29:10] [32minfo[39m: 	[32mServer running on port 5000[39m 
[2025-09-05 07:56:46] [32minfo[39m: 	[32mServer running on port 5000[39m 
[2025-09-05 09:03:56] [32minfo[39m: 	[32mServer running on port 5000[39m 
[2025-09-05 09:05:36] [32minfo[39m: 	[32mServer running on port 5000[39m 
[2025-09-05 10:27:47] [32minfo[39m: 	[32mServer running on port 5000[39m 
[2025-09-05 11:30:54] [32minfo[39m: 	[32mServer running on port 5000[39m 
[2025-09-05 11:58:07] [32minfo[39m: 	[32mShutting down server...[39m 
[2025-09-06 10:36:19] [32minfo[39m: 	[32mServer running on port 5000[39m 
[2025-09-06 03:19:51] [32minfo[39m: 	[32mShutting down server...[39m 
[2025-09-06 04:11:20] [32minfo[39m: 	[32mServer running on port 5000[39m 
[2025-09-06 04:18:01] [32minfo[39m: 	[32mServer running on port 5000[39m 
[2025-09-06 04:37:34] [32minfo[39m: 	[32mServer running on port 5000[39m 
[2025-09-06 04:39:49] [32minfo[39m: 	[32mServer running on port 5000[39m 
[2025-09-06 04:41:24] [32minfo[39m: 	[32mServer running on port 5000[39m 
[2025-09-06 04:43:08] [32minfo[39m: 	[32mServer running on port 5000[39m 
[2025-09-06 04:43:49] [32minfo[39m: 	[32mServer running on port 5000[39m 
[2025-09-06 04:44:09] [32minfo[39m: 	[32mServer running on port 5000[39m 
[2025-09-06 04:44:33] [32minfo[39m: 	[32mServer running on port 5000[39m 
[2025-09-06 04:50:38] [32minfo[39m: 	[32mServer running on port 5000[39m 
[2025-09-06 04:57:29] [32minfo[39m: 	[32mServer running on port 5000[39m 
[2025-09-06 05:11:59] [32minfo[39m: 	[32mServer running on port 5000[39m 
[2025-09-06 07:18:18] [32minfo[39m: 	[32mServer running on port 5000[39m 
[2025-09-06 07:25:56] [32minfo[39m: 	[32mServer running on port 5000[39m 
[2025-09-06 07:32:58] [32minfo[39m: 	[32mServer running on port 5000[39m 
[2025-09-06 09:11:43] [32minfo[39m: 	[32mServer running on port 5000[39m 
[2025-09-06 09:14:12] [32minfo[39m: 	[32mServer running on port 5000[39m 
[2025-09-06 09:18:01] [32minfo[39m: 	[32mServer running on port 5000[39m 
[2025-09-06 10:50:31] [32minfo[39m: 	[32mServer running on port 5000[39m 
[2025-09-06 10:57:11] [32minfo[39m: 	[32mServer running on port 5000[39m 
[2025-09-07 10:12:18] [32minfo[39m: 	[32mServer running on port 5000[39m 
[2025-09-07 10:29:51] [32minfo[39m: 	[32mServer running on port 5000[39m 
[2025-09-07 11:16:43] [32minfo[39m: 	[32mServer running on port 5000[39m 
[2025-09-07 12:59:45] [32minfo[39m: 	[32mServer running on port 5000[39m 
[2025-09-07 01:01:44] [32minfo[39m: 	[32mServer running on port 5000[39m 
[2025-09-07 01:03:17] [32minfo[39m: 	[32mServer running on port 5000[39m 
[2025-09-07 01:12:29] [32minfo[39m: 	[32mServer running on port 5000[39m 
[2025-09-07 01:14:12] [32minfo[39m: 	[32mServer running on port 5000[39m 
[2025-09-07 01:15:27] [32minfo[39m: 	[32mServer running on port 5000[39m 
[2025-09-07 01:15:58] [32minfo[39m: 	[32mServer running on port 5000[39m 
[2025-09-07 01:31:33] [32minfo[39m: 	[32mServer running on port 5000[39m 
[2025-09-07 01:31:55] [32minfo[39m: 	[32mServer running on port 5000[39m 
[2025-09-07 01:32:09] [32minfo[39m: 	[32mServer running on port 5000[39m 
[2025-09-07 02:53:22] [32minfo[39m: 	[32mServer running on port 5000[39m 
[2025-09-07 02:59:59] [32minfo[39m: 	[32mServer running on port 5000[39m 
[2025-09-07 03:02:06] [32minfo[39m: 	[32mServer running on port 5000[39m 
[2025-09-07 03:02:41] [32minfo[39m: 	[32mServer running on port 5000[39m 
[2025-09-07 03:04:06] [32minfo[39m: 	[32mServer running on port 5000[39m 
[2025-09-07 03:37:35] [32minfo[39m: 	[32mServer running on port 5000[39m 
[2025-09-07 03:43:25] [32minfo[39m: 	[32mServer running on port 5000[39m 
[2025-09-07 03:43:46] [32minfo[39m: 	[32mServer running on port 5000[39m 
[2025-09-07 03:49:48] [32minfo[39m: 	[32mServer running on port 5000[39m 
[2025-09-07 04:03:23] [32minfo[39m: 	[32mServer running on port 5000[39m 
[2025-09-07 05:04:25] [32minfo[39m: 	[32mServer running on port 5000[39m 
[2025-09-07 05:10:21] [32minfo[39m: 	[32mServer running on port 5000[39m 
[2025-09-07 05:14:44] [32minfo[39m: 	[32mServer running on port 5000[39m 
[2025-09-07 05:17:19] [32minfo[39m: 	[32mServer running on port 5000[39m 
[2025-09-07 05:17:55] [32minfo[39m: 	[32mServer running on port 5000[39m 
[2025-09-07 05:18:08] [32minfo[39m: 	[32mServer running on port 5000[39m 
[2025-09-07 05:18:20] [32minfo[39m: 	[32mServer running on port 5000[39m 
[2025-09-07 05:18:52] [32minfo[39m: 	[32mServer running on port 5000[39m 
[2025-09-07 05:35:48] [32minfo[39m: 	[32mServer running on port 5000[39m 
[2025-09-07 05:37:31] [32minfo[39m: 	[32mServer running on port 5000[39m 
[2025-09-07 05:40:00] [32minfo[39m: 	[32mServer running on port 5000[39m 
[2025-09-07 06:52:28] [32minfo[39m: 	[32mServer running on port 5000[39m 
[2025-09-07 06:53:06] [32minfo[39m: 	[32mServer running on port 5000[39m 
[2025-09-07 06:56:25] [32minfo[39m: 	[32mServer running on port 5000[39m 
[2025-09-07 08:45:55] [32minfo[39m: 	[32mServer running on port 5000[39m 
[2025-09-07 08:49:40] [32minfo[39m: 	[32mServer running on port 5000[39m 
[2025-09-07 10:34:17] [32minfo[39m: 	[32mServer running on port 5000[39m 
[2025-09-07 10:44:47] [32minfo[39m: 	[32mServer running on port 5000[39m 
[2025-09-07 10:59:19] [32minfo[39m: 	[32mShutting down server...[39m 
[2025-09-07 10:59:30] [32minfo[39m: 	[32mServer running on port 5000[39m 
[2025-09-08 08:46:19] [32minfo[39m: 	[32mServer running on port 5000[39m 
[2025-09-08 09:12:36] [32minfo[39m: 	[32mServer running on port 5000[39m 
[2025-09-08 10:08:00] [32minfo[39m: 	[32mServer running on port 5000[39m 
[2025-09-08 11:18:26] [32minfo[39m: 	[32mServer running on port 5000[39m 
[2025-09-08 11:31:22] [32minfo[39m: 	[32mServer running on port 5000[39m 
[2025-09-08 11:37:04] [32minfo[39m: 	[32mServer running on port 5000[39m 
[2025-09-08 11:37:27] [32minfo[39m: 	[32mServer running on port 5000[39m 
[2025-09-08 12:40:29] [32minfo[39m: 	[32mServer running on port 5000[39m 
[2025-09-08 01:10:38] [32minfo[39m: 	[32mServer running on port 5000[39m 
[2025-09-08 01:22:49] [32minfo[39m: 	[32mServer running on port 5000[39m 
[2025-09-08 01:23:04] [32minfo[39m: 	[32mServer running on port 5000[39m 
[2025-09-08 01:30:47] [32minfo[39m: 	[32mServer running on port 5000[39m 
[2025-09-08 01:59:50] [32minfo[39m: 	[32mServer running on port 5000[39m 
[2025-09-08 02:18:58] [32minfo[39m: 	[32mServer running on port 5000[39m 
[2025-09-08 03:08:20] [32minfo[39m: 	[32mServer running on port 5003[39m 
[2025-09-08 03:39:19] [32minfo[39m: 	[32mServer running on port 5003[39m 
[2025-09-08 04:02:08] [32minfo[39m: 	[32mServer running on port 5003[39m 
[2025-09-08 04:34:30] [32minfo[39m: 	[32mServer running on port 5003[39m 
[2025-09-08 04:53:05] [32minfo[39m: 	[32mServer running on port 5003[39m 
[2025-09-08 05:05:54] [32minfo[39m: 	[32mServer running on port 5003[39m 
[2025-09-08 05:16:32] [32minfo[39m: 	[32mServer running on port 5003[39m 
[2025-09-08 05:18:22] [32minfo[39m: 	[32mServer running on port 5003[39m 
[2025-09-08 05:19:55] [32minfo[39m: 	[32mServer running on port 5003[39m 
[2025-09-08 07:20:24] [32minfo[39m: 	[32mServer running on port 5003[39m 
[2025-09-08 07:20:41] [32minfo[39m: 	[32mServer running on port 5003[39m 
[2025-09-08 07:21:39] [32minfo[39m: 	[32mServer running on port 5003[39m 
[2025-09-08 07:23:14] [32minfo[39m: 	[32mServer running on port 5003[39m 
[2025-09-08 07:24:19] [32minfo[39m: 	[32mServer running on port 5003[39m 
[2025-09-08 07:26:14] [32minfo[39m: 	[32mServer running on port 5003[39m 
[2025-09-08 07:26:50] [32minfo[39m: 	[32mServer running on port 5003[39m 
[2025-09-08 07:27:03] [32minfo[39m: 	[32mServer running on port 5003[39m 
[2025-09-08 07:40:54] [32minfo[39m: 	[32mServer running on port 5003[39m 
[2025-09-08 07:43:45] [32minfo[39m: 	[32mServer running on port 5003[39m 
[2025-09-08 08:00:21] [32minfo[39m: 	[32mServer running on port 5003[39m 
[2025-09-08 08:01:18] [32minfo[39m: 	[32mServer running on port 5003[39m 
[2025-09-08 08:03:26] [32minfo[39m: 	[32mServer running on port 5003[39m 
[2025-09-08 08:04:15] [32minfo[39m: 	[32mServer running on port 5003[39m 
[2025-09-08 08:09:35] [32minfo[39m: 	[32mServer running on port 5003[39m 
[2025-09-08 08:10:27] [32minfo[39m: 	[32mServer running on port 5003[39m 
[2025-09-08 08:10:36] [32minfo[39m: 	[32mServer running on port 5003[39m 
[2025-09-08 08:11:13] [32minfo[39m: 	[32mServer running on port 5003[39m 
[2025-09-08 08:52:46] [32minfo[39m: 	[32mServer running on port 5003[39m 
[2025-09-08 08:53:21] [32minfo[39m: 	[32mServer running on port 5003[39m 
[2025-09-08 08:54:12] [32minfo[39m: 	[32mServer running on port 5003[39m 
[2025-09-08 10:35:53] [32minfo[39m: 	[32mServer running on port 5003[39m 
[2025-09-08 10:50:29] [32minfo[39m: 	[32mServer running on port 5003[39m 
[2025-09-08 10:51:22] [32minfo[39m: 	[32mServer running on port 5003[39m 
[2025-09-08 10:52:16] [32minfo[39m: 	[32mServer running on port 5003[39m 
[2025-09-08 10:53:10] [32minfo[39m: 	[32mServer running on port 5003[39m 
[2025-09-08 11:15:33] [32minfo[39m: 	[32mServer running on port 5003[39m 
[2025-09-09 10:34:45] [32minfo[39m: 	[32mServer running on port 5003[39m 
[2025-09-09 10:54:46] [32minfo[39m: 	[32mServer running on port 5003[39m 
[2025-09-09 02:32:38] [32minfo[39m: 	[32mServer running on port 5003[39m 
[2025-09-09 03:19:30] [32minfo[39m: 	[32mServer running on port 5003[39m 
[2025-09-09 03:25:47] [32minfo[39m: 	[32mServer running on port 5003[39m 
[2025-09-09 03:26:35] [32minfo[39m: 	[32mServer running on port 5003[39m 
[2025-09-09 03:32:07] [32minfo[39m: 	[32mServer running on port 5003[39m 
[2025-09-09 03:49:23] [32minfo[39m: 	[32mServer running on port 5003[39m 
[2025-09-09 04:03:38] [32minfo[39m: 	[32mServer running on port 5003[39m 
[2025-09-09 04:44:44] [32minfo[39m: 	[32mServer running on port 5003[39m 
[2025-09-09 04:45:18] [32minfo[39m: 	[32mServer running on port 5003[39m 
[2025-09-09 04:46:10] [32minfo[39m: 	[32mServer running on port 5003[39m 
[2025-09-09 04:46:28] [32minfo[39m: 	[32mServer running on port 5003[39m 
[2025-09-09 04:52:41] [32minfo[39m: 	[32mServer running on port 5003[39m 
[2025-09-09 04:55:39] [32minfo[39m: 	[32mServer running on port 5003[39m 
[2025-09-09 04:55:59] [32minfo[39m: 	[32mServer running on port 5003[39m 
[2025-09-09 05:02:34] [32minfo[39m: 	[32mServer running on port 5003[39m 
[2025-09-09 05:03:10] [32minfo[39m: 	[32mServer running on port 5003[39m 
[2025-09-09 05:03:43] [32minfo[39m: 	[32mServer running on port 5003[39m 
[2025-09-09 05:05:19] [32minfo[39m: 	[32mServer running on port 5003[39m 
[2025-09-09 05:07:20] [32minfo[39m: 	[32mServer running on port 5003[39m 
[2025-09-09 05:07:45] [32minfo[39m: 	[32mServer running on port 5003[39m 
[2025-09-09 05:08:16] [32minfo[39m: 	[32mServer running on port 5003[39m 
[2025-09-09 05:08:34] [32minfo[39m: 	[32mServer running on port 5003[39m 
[2025-09-09 05:13:59] [32minfo[39m: 	[32mServer running on port 5003[39m 
[2025-09-09 05:14:16] [32minfo[39m: 	[32mServer running on port 5003[39m 
[2025-09-09 05:15:03] [32minfo[39m: 	[32mServer running on port 5003[39m 
[2025-09-09 05:15:59] [32minfo[39m: 	[32mServer running on port 5003[39m 
[2025-09-09 05:16:23] [32minfo[39m: 	[32mServer running on port 5003[39m 
[2025-09-09 05:16:40] [32minfo[39m: 	[32mServer running on port 5003[39m 
[2025-09-09 05:16:55] [32minfo[39m: 	[32mServer running on port 5003[39m 
[2025-09-09 05:17:10] [32minfo[39m: 	[32mServer running on port 5003[39m 
[2025-09-09 05:17:35] [32minfo[39m: 	[32mServer running on port 5003[39m 
[2025-09-09 05:20:35] [32minfo[39m: 	[32mServer running on port 5003[39m 
[2025-09-09 05:20:50] [32minfo[39m: 	[32mServer running on port 5003[39m 
[2025-09-09 07:29:39] [32minfo[39m: 	[32mServer running on port 5003[39m 
[2025-09-09 08:51:27] [32minfo[39m: 	[32mServer running on port 5003[39m 
[2025-09-09 09:05:42] [32minfo[39m: 	[32mServer running on port 5003[39m 
[2025-09-09 09:18:47] [32minfo[39m: 	[32mServer running on port 5003[39m 
[2025-09-09 09:19:08] [32minfo[39m: 	[32mServer running on port 5003[39m 
[2025-09-09 09:24:16] [32minfo[39m: 	[32mServer running on port 5003[39m 
[2025-09-09 09:30:03] [32minfo[39m: 	[32mServer running on port 5003[39m 
[2025-09-09 09:32:42] [32minfo[39m: 	[32mServer running on port 5003[39m 
[2025-09-09 10:13:11] [32minfo[39m: 	[32mServer running on port 5003[39m 
[2025-09-09 10:15:04] [32minfo[39m: 	[32mServer running on port 5003[39m 
[2025-09-09 10:15:21] [32minfo[39m: 	[32mServer running on port 5003[39m 
[2025-09-09 10:21:01] [32minfo[39m: 	[32mServer running on port 5003[39m 
[2025-09-09 10:22:05] [32minfo[39m: 	[32mServer running on port 5003[39m 
[2025-09-09 10:23:05] [32minfo[39m: 	[32mServer running on port 5003[39m 
[2025-09-09 10:35:38] [32minfo[39m: 	[32mServer running on port 5003[39m 
[2025-09-09 10:38:05] [32minfo[39m: 	[32mServer running on port 5003[39m 
[2025-09-09 10:39:00] [32minfo[39m: 	[32mServer running on port 5003[39m 
[2025-09-09 10:41:27] [32minfo[39m: 	[32mServer running on port 5003[39m 
[2025-09-09 10:41:51] [32minfo[39m: 	[32mServer running on port 5003[39m 
[2025-09-09 10:42:00] [32minfo[39m: 	[32mServer running on port 5003[39m 
[2025-09-09 10:52:47] [32minfo[39m: 	[32mServer running on port 5003[39m 
[2025-09-09 10:57:55] [32minfo[39m: 	[32mServer running on port 5003[39m 
[2025-09-09 10:59:27] [32minfo[39m: 	[32mServer running on port 5003[39m 
[2025-09-09 11:07:19] [32minfo[39m: 	[32mServer running on port 5003[39m 
[2025-09-09 11:10:15] [32minfo[39m: 	[32mServer running on port 5003[39m 
[2025-09-09 11:12:05] [32minfo[39m: 	[32mServer running on port 5003[39m 
[2025-09-09 11:21:53] [32minfo[39m: 	[32mServer running on port 5003[39m 
[2025-09-09 11:22:17] [32minfo[39m: 	[32mServer running on port 5003[39m 
[2025-09-09 11:22:36] [32minfo[39m: 	[32mServer running on port 5003[39m 
[2025-09-09 11:24:58] [32minfo[39m: 	[32mServer running on port 5003[39m 
[2025-09-09 11:25:08] [32minfo[39m: 	[32mServer running on port 5003[39m 
[2025-09-09 11:26:27] [32minfo[39m: 	[32mServer running on port 5003[39m 
[2025-09-09 11:31:11] [32minfo[39m: 	[32mServer running on port 5003[39m 
[2025-09-09 11:46:01] [32minfo[39m: 	[32mServer running on port 5003[39m 
[2025-09-09 11:50:26] [32minfo[39m: 	[32mServer running on port 5003[39m 
[2025-09-09 11:57:08] [32minfo[39m: 	[32mServer running on port 5003[39m 
[2025-09-10 12:00:19] [32minfo[39m: 	[32mServer running on port 5003[39m 
[2025-09-10 12:01:53] [32minfo[39m: 	[32mServer running on port 5003[39m 
[2025-09-10 12:04:03] [32minfo[39m: 	[32mServer running on port 5003[39m 
[2025-09-10 12:06:44] [32minfo[39m: 	[32mServer running on port 5003[39m 
[2025-09-10 12:07:10] [32minfo[39m: 	[32mServer running on port 5003[39m 
[2025-09-10 12:08:39] [32minfo[39m: 	[32mServer running on port 5003[39m 
[2025-09-10 10:19:09] [32minfo[39m: 	[32mServer running on port 5003[39m 
[2025-09-10 11:02:48] [32minfo[39m: 	[32mServer running on port 5003[39m 
[2025-09-10 11:06:58] [32minfo[39m: 	[32mServer running on port 5003[39m 
[2025-09-10 11:12:35] [32minfo[39m: 	[32mServer running on port 5003[39m 
[2025-09-10 11:18:09] [32minfo[39m: 	[32mServer running on port 5003[39m 
[2025-09-10 01:12:45] [32minfo[39m: 	[32mShutting down server...[39m 
[2025-09-10 01:13:05] [32minfo[39m: 	[32mServer running on port 5003[39m 
[2025-09-10 02:20:43] [32minfo[39m: 	[32mServer running on port 5003[39m 
[2025-09-10 02:23:24] [32minfo[39m: 	[32mServer running on port 5003[39m 
[2025-09-10 02:35:31] [32minfo[39m: 	[32mServer running on port 5003[39m 
[2025-09-10 02:36:50] [32minfo[39m: 	[32mServer running on port 5003[39m 
[2025-09-10 02:49:28] [32minfo[39m: 	[32mServer running on port 5003[39m 
[2025-09-10 02:59:42] [32minfo[39m: 	[32mServer running on port 5003[39m 
[2025-09-10 04:25:37] [32minfo[39m: 	[32mServer running on port 5003[39m 
[2025-09-10 04:30:33] [32minfo[39m: 	[32mServer running on port 5003[39m 
[2025-09-10 07:04:38] [32minfo[39m: 	[32mServer running on port 5003[39m 
[2025-09-10 07:08:19] [32minfo[39m: 	[32mServer running on port 5003[39m 
[2025-09-10 07:09:04] [32minfo[39m: 	[32mServer running on port 5003[39m 
[2025-09-10 07:12:53] [32minfo[39m: 	[32mServer running on port 5003[39m 
[2025-09-10 07:47:09] [32minfo[39m: 	[32mServer running on port 5003[39m 
[2025-09-10 07:57:23] [32minfo[39m: 	[32mServer running on port 5003[39m 
[2025-09-10 08:12:01] [32minfo[39m: 	[32mServer running on port 5003[39m 
[2025-09-10 08:15:42] [32minfo[39m: 	[32mServer running on port 5003[39m 
[2025-09-10 08:21:39] [32minfo[39m: 	[32mServer running on port 5003[39m 
[2025-09-10 08:21:49] [32minfo[39m: 	[32mServer running on port 5003[39m 
[2025-09-10 08:40:57] [32minfo[39m: 	[32mServer running on port 5003[39m 
[2025-09-10 08:41:46] [32minfo[39m: 	[32mServer running on port 5003[39m 
[2025-09-10 08:42:29] [32minfo[39m: 	[32mServer running on port 5003[39m 
[2025-09-10 08:45:13] [32minfo[39m: 	[32mServer running on port 5003[39m 
[2025-09-10 08:48:31] [32minfo[39m: 	[32mServer running on port 5003[39m 
[2025-09-10 09:26:29] [32minfo[39m: 	[32mServer running on port 5003[39m 
[2025-09-10 09:53:32] [32minfo[39m: 	[32mServer running on port 5003[39m 
[2025-09-10 09:54:23] [32minfo[39m: 	[32mServer running on port 5003[39m 
[2025-09-10 09:55:14] [32minfo[39m: 	[32mServer running on port 5003[39m 
[2025-09-10 09:56:15] [32minfo[39m: 	[32mServer running on port 5003[39m 
[2025-09-10 10:11:41] [32minfo[39m: 	[32mServer running on port 5003[39m 
[2025-09-10 10:12:04] [32minfo[39m: 	[32mServer running on port 5003[39m 
[2025-09-10 10:17:35] [32minfo[39m: 	[32mServer running on port 5003[39m 
[2025-09-10 10:18:46] [32minfo[39m: 	[32mServer running on port 5003[39m 
[2025-09-10 10:19:33] [32minfo[39m: 	[32mServer running on port 5003[39m 
[2025-09-10 10:20:28] [32minfo[39m: 	[32mServer running on port 5003[39m 
[2025-09-10 10:25:24] [32minfo[39m: 	[32mServer running on port 5003[39m 
[2025-09-10 11:10:45] [32minfo[39m: 	[32mServer running on port 5003[39m 
[2025-09-10 11:10:59] [32minfo[39m: 	[32mServer running on port 5003[39m 
[2025-09-10 11:12:56] [32minfo[39m: 	[32mServer running on port 5003[39m 
[2025-09-11 09:33:15] [32minfo[39m: 	[32mServer running on port 5003[39m 
[2025-09-11 10:37:18] [31merror[39m: 	[31mServer startup failed: [1;91merror[0m: [1mEnvironment variable not found: DATABASE_URL.[0m[39m
[31m  [1;94m-->[0m  [4mschema.prisma:7[0m[39m
[31m[1;94m   | [0m[39m
[31m[1;94m 6 | [0m  provider = "postgresql"[39m
[31m[1;94m 7 | [0m  url      = [1;91menv("DATABASE_URL")[0m[39m
[31m[1;94m   | [0m[39m

[31mValidation Error Count: 1[39m {
  "clientVersion": "6.15.0",
  "errorCode": "P1012",
  "name": "PrismaClientInitializationError",
  "stack": "PrismaClientInitializationError: \u001b[1;91merror\u001b[0m: \u001b[1mEnvironment variable not found: DATABASE_URL.\u001b[0m\n  \u001b[1;94m-->\u001b[0m  \u001b[4mschema.prisma:7\u001b[0m\n\u001b[1;94m   | \u001b[0m\n\u001b[1;94m 6 | \u001b[0m  provider = \"postgresql\"\n\u001b[1;94m 7 | \u001b[0m  url      = \u001b[1;91menv(\"DATABASE_URL\")\u001b[0m\n\u001b[1;94m   | \u001b[0m\n\nValidation Error Count: 1\n    at r (C:\\Users\\Kishorepullur123\\Desktop\\Kardex\\kardex-backend\\node_modules\\@prisma\\client\\src\\runtime\\core\\engines\\library\\LibraryEngine.ts:440:17)\n    at async startServer (C:\\Users\\Kishorepullur123\\Desktop\\Kardex\\kardex-backend\\src\\server.ts:120:5)"
}
[2025-09-11 10:39:52] [32minfo[39m: 	[32mServer running on port 5003[39m 
[2025-09-11 10:40:35] [32minfo[39m: 	[32mServer running on port 5003[39m 
[2025-09-11 10:44:29] [32minfo[39m: 	[32mServer running on port 5003[39m 
[2025-09-11 10:55:02] [32minfo[39m: 	[32mShutting down server...[39m 
[2025-09-11 10:58:31] [32minfo[39m: 	[32mServer running on port 5003[39m 
[2025-09-11 10:58:46] [32minfo[39m: 	[32mServer running on port 5003[39m 
[2025-09-11 11:00:35] [32minfo[39m: 	[32mServer running on port 5003[39m 
[2025-09-11 11:01:03] [32minfo[39m: 	[32mServer running on port 5003[39m 
[2025-09-11 11:01:31] [32minfo[39m: 	[32mServer running on port 5003[39m 
[2025-09-11 11:02:07] [32minfo[39m: 	[32mServer running on port 5003[39m 
[2025-09-11 11:02:39] [32minfo[39m: 	[32mServer running on port 5003[39m 
[2025-09-11 11:02:57] [32minfo[39m: 	[32mServer running on port 5003[39m 
[2025-09-11 11:03:20] [32minfo[39m: 	[32mServer running on port 5003[39m 
[2025-09-11 11:04:56] [32minfo[39m: 	[32mServer running on port 5003[39m 
[2025-09-11 11:06:25] [32minfo[39m: 	[32mServer running on port 5003[39m 
[2025-09-11 11:07:48] [32minfo[39m: 	[32mServer running on port 5003[39m 
[2025-09-11 11:08:15] [32minfo[39m: 	[32mServer running on port 5003[39m 
[2025-09-11 11:08:36] [32minfo[39m: 	[32mServer running on port 5003[39m 
[2025-09-11 11:09:54] [32minfo[39m: 	[32mServer running on port 5003[39m 
[2025-09-11 11:10:31] [32minfo[39m: 	[32mServer running on port 5003[39m 
[2025-09-11 11:11:53] [32minfo[39m: 	[32mServer running on port 5003[39m 
[2025-09-11 11:12:38] [32minfo[39m: 	[32mServer running on port 5003[39m 
[2025-09-11 11:13:29] [32minfo[39m: 	[32mServer running on port 5003[39m 
[2025-09-11 11:14:26] [32minfo[39m: 	[32mServer running on port 5003[39m 
[2025-09-11 11:15:02] [32minfo[39m: 	[32mServer running on port 5003[39m 
[2025-09-11 11:16:29] [32minfo[39m: 	[32mServer running on port 5003[39m 
[2025-09-11 11:17:38] [32minfo[39m: 	[32mServer running on port 5003[39m 
[2025-09-11 11:19:47] [32minfo[39m: 	[32mServer running on port 5003[39m 
[2025-09-11 11:21:51] [32minfo[39m: 	[32mServer running on port 5003[39m 
[2025-09-11 11:23:08] [32minfo[39m: 	[32mServer running on port 5003[39m 
[2025-09-11 11:23:23] [32minfo[39m: 	[32mShutting down server...[39m 
[2025-09-11 11:27:04] [32minfo[39m: 	[32mServer running on port 5003[39m 
[2025-09-11 11:27:28] [32minfo[39m: 	[32mServer running on port 5003[39m 
[2025-09-11 12:47:22] [32minfo[39m: 	[32mServer running on port 5003[39m 
[2025-09-11 02:45:35] [32minfo[39m: 	[32mServer running on port 5003[39m 
[2025-09-11 02:50:17] [32minfo[39m: 	[32mServer running on port 5003[39m 
[2025-09-11 03:07:20] [32minfo[39m: 	[32mServer running on port 5003[39m 
[2025-09-11 03:18:26] [32minfo[39m: 	[32mServer running on port 5003[39m 
[2025-09-11 03:19:53] [32minfo[39m: 	[32mServer running on port 5003[39m 
[2025-09-11 03:24:00] [32minfo[39m: 	[32mServer running on port 5003[39m 
[2025-09-11 03:24:23] [32minfo[39m: 	[32mServer running on port 5003[39m 
[2025-09-11 03:31:48] [32minfo[39m: 	[32mServer running on port 5003[39m 
[2025-09-11 03:35:42] [32minfo[39m: 	[32mServer running on port 5003[39m 
[2025-09-11 03:52:47] [32minfo[39m: 	[32mServer running on port 5003[39m 
[2025-09-11 03:53:20] [32minfo[39m: 	[32mServer running on port 5003[39m 
[2025-09-11 03:53:30] [32minfo[39m: 	[32mServer running on port 5003[39m 
[2025-09-11 03:53:42] [32minfo[39m: 	[32mServer running on port 5003[39m 
[2025-09-11 03:59:08] [32minfo[39m: 	[32mServer running on port 5003[39m 
[2025-09-11 03:59:45] [32minfo[39m: 	[32mServer running on port 5003[39m 
[2025-09-11 03:59:59] [32minfo[39m: 	[32mServer running on port 5003[39m 
[2025-09-11 04:05:28] [32minfo[39m: 	[32mServer running on port 5003[39m 
[2025-09-11 04:05:51] [32minfo[39m: 	[32mServer running on port 5003[39m 
[2025-09-11 04:06:16] [32minfo[39m: 	[32mServer running on port 5003[39m 
[2025-09-11 04:06:25] [32minfo[39m: 	[32mServer running on port 5003[39m 
[2025-09-11 04:09:29] [32minfo[39m: 	[32mServer running on port 5003[39m 
[2025-09-11 04:09:45] [32minfo[39m: 	[32mServer running on port 5003[39m 
[2025-09-11 05:14:15] [32minfo[39m: 	[32mServer running on port 5003[39m 
[2025-09-11 05:16:41] [32minfo[39m: 	[32mServer running on port 5003[39m 
[2025-09-11 05:24:31] [32minfo[39m: 	[32mServer running on port 5003[39m 
[2025-09-11 05:24:49] [32minfo[39m: 	[32mServer running on port 5003[39m 
[2025-09-11 05:25:06] [32minfo[39m: 	[32mServer running on port 5003[39m 
[2025-09-11 05:25:29] [32minfo[39m: 	[32mServer running on port 5003[39m 
[2025-09-11 05:25:46] [32minfo[39m: 	[32mServer running on port 5003[39m 
[2025-09-11 05:26:07] [32minfo[39m: 	[32mServer running on port 5003[39m 
[2025-09-11 05:26:21] [32minfo[39m: 	[32mServer running on port 5003[39m 
[2025-09-11 05:30:22] [32minfo[39m: 	[32mServer running on port 5003[39m 
[2025-09-11 05:30:49] [32minfo[39m: 	[32mServer running on port 5003[39m 
[2025-09-11 05:31:46] [32minfo[39m: 	[32mServer running on port 5003[39m 
[2025-09-11 05:56:17] [32minfo[39m: 	[32mServer running on port 5003[39m 
[2025-09-11 06:00:03] [32minfo[39m: 	[32mServer running on port 5003[39m 
[2025-09-11 06:01:08] [32minfo[39m: 	[32mServer running on port 5003[39m 
[2025-09-11 07:23:53] [32minfo[39m: 	[32mServer running on port 5003[39m 
[2025-09-11 07:24:41] [32minfo[39m: 	[32mServer running on port 5003[39m 
[2025-09-11 07:39:29] [32minfo[39m: 	[32mServer running on port 5003[39m 
[2025-09-11 07:42:36] [32minfo[39m: 	[32mServer running on port 5003[39m 
[2025-09-11 07:43:08] [32minfo[39m: 	[32mServer running on port 5003[39m 
[2025-09-11 07:43:37] [32minfo[39m: 	[32mShutting down server...[39m 
[2025-09-11 07:43:55] [32minfo[39m: 	[32mServer running on port 5003[39m 
[2025-09-11 07:45:18] [32minfo[39m: 	[32mServer running on port 5003[39m 
[2025-09-11 07:45:39] [32minfo[39m: 	[32mServer running on port 5003[39m 
[2025-09-11 07:48:03] [32minfo[39m: 	[32mServer running on port 5003[39m 
[2025-09-11 07:48:20] [32minfo[39m: 	[32mServer running on port 5003[39m 
[2025-09-11 07:48:38] [32minfo[39m: 	[32mServer running on port 5003[39m 
[2025-09-11 07:49:12] [32minfo[39m: 	[32mServer running on port 5003[39m 
[2025-09-12 10:01:53] [32minfo[39m: 	[32mServer running on port 5003[39m 
[2025-09-12 10:13:44] [32minfo[39m: 	[32mServer running on port 5003[39m 
[2025-09-12 11:05:12] [32minfo[39m: 	[32mServer running on port 5003[39m 
[2025-09-12 11:25:14] [32minfo[39m: 	[32mServer running on port 5003[39m 
[2025-09-12 11:28:12] [32minfo[39m: 	[32mServer running on port 5003[39m 
[2025-09-12 11:31:02] [32minfo[39m: 	[32mServer running on port 5003[39m 
[2025-09-12 11:33:09] [32minfo[39m: 	[32mServer running on port 5003[39m 
[2025-09-12 11:40:12] [32minfo[39m: 	[32mShutting down server...[39m 
[2025-09-12 11:42:10] [32minfo[39m: 	[32mServer running on port 5003[39m 
[2025-09-12 11:55:44] [32minfo[39m: 	[32mServer running on port 5003[39m 
[2025-09-12 12:07:05] [32minfo[39m: 	[32mServer running on port 5003[39m 
[2025-09-12 12:18:38] [32minfo[39m: 	[32mServer running on port 5003[39m 
[2025-09-12 12:26:42] [32minfo[39m: 	[32mServer running on port 5003[39m 
[2025-09-12 12:29:05] [32minfo[39m: 	[32mServer running on port 5003[39m 
[2025-09-12 12:29:59] [32minfo[39m: 	[32mServer running on port 5003[39m 
[2025-09-12 12:31:51] [32minfo[39m: 	[32mServer running on port 5003[39m 
[2025-09-12 12:34:43] [32minfo[39m: 	[32mServer running on port 5003[39m 
[2025-09-12 12:37:07] [32minfo[39m: 	[32mServer running on port 5003[39m 
[2025-09-12 12:38:16] [32minfo[39m: 	[32mServer running on port 5003[39m 
[2025-09-12 12:39:27] [32minfo[39m: 	[32mServer running on port 5003[39m 
[2025-09-12 12:42:02] [32minfo[39m: 	[32mServer running on port 5003[39m 
[2025-09-12 12:42:27] [32minfo[39m: 	[32mServer running on port 5003[39m 
[2025-09-12 12:42:38] [32minfo[39m: 	[32mServer running on port 5003[39m 
[2025-09-12 12:49:27] [32minfo[39m: 	[32mServer running on port 5003[39m 
[2025-09-12 12:51:39] [32minfo[39m: 	[32mServer running on port 5003[39m 
[2025-09-12 01:05:07] [32minfo[39m: 	[32mServer running on port 5003[39m 
[2025-09-12 01:05:39] [32minfo[39m: 	[32mServer running on port 5003[39m 
[2025-09-12 01:06:22] [32minfo[39m: 	[32mServer running on port 5003[39m 
[2025-09-12 02:13:23] [32minfo[39m: 	[32mShutting down server...[39m 
[2025-09-12 02:17:44] [32minfo[39m: 	[32mServer running on port 5003[39m 
[2025-09-12 02:25:48] [32minfo[39m: 	[32mShutting down server...[39m 
[2025-09-12 02:30:53] [32minfo[39m: 	[32mServer running on port 5003[39m 
[2025-09-12 02:53:15] [32minfo[39m: 	[32mShutting down server...[39m 
